08:40:59.218 [INFO]  net.cellcloud.core.Nucleus *-*-* Cell Initializing *-*-*
08:40:59.354 [INFO]  net.cellcloud.core.Nucleus Starting cluster controller service success.
08:40:59.635 [INFO]  net.cellcloud.core.Nucleus Starting talk service success.
08:41:00.116 [INFO]  net.cellcloud.http.JettyLoggerPuppet 
08:41:00.182 [INFO]  net.cellcloud.http.JettyLoggerPuppet Started o.e.j.s.h.ContextHandler@60c9e03{/talk/int,null,AVAILABLE}
08:41:00.182 [INFO]  net.cellcloud.http.JettyLoggerPuppet Started o.e.j.s.h.ContextHandler@2659da0f{/talk/check,null,AVAILABLE}
08:41:00.182 [INFO]  net.cellcloud.http.JettyLoggerPuppet Started o.e.j.s.h.ContextHandler@54fb2274{/talk/request,null,AVAILABLE}
08:41:00.183 [INFO]  net.cellcloud.http.JettyLoggerPuppet Started o.e.j.s.h.ContextHandler@33931942{/talk/dialogue,null,AVAILABLE}
08:41:00.183 [INFO]  net.cellcloud.http.JettyLoggerPuppet Started o.e.j.s.h.ContextHandler@7e5f5681{/talk/hb,null,AVAILABLE}
08:41:00.183 [INFO]  net.cellcloud.http.JettyLoggerPuppet Started o.e.j.s.h.ContextHandler@25286ff8{/cccd.js,null,AVAILABLE}
08:41:00.199 [INFO]  net.cellcloud.http.JettyLoggerPuppet Started ServerConnector@614a962e{HTTP/1.1}{0.0.0.0:7070}
08:41:00.199 [INFO]  net.cellcloud.core.Nucleus Starting http service success.
08:42:50.890 [DEBUG] net.cellcloud.talk.ServerCheckCommand Session (7236563988791580220) 192.168.2.112:52376 checkin.
08:46:46.904 [DEBUG] net.cellcloud.talk.ServerCheckCommand Session (3506719348183709984) 10.10.152.85:49692 checkin.
08:55:09.265 [DEBUG] net.cellcloud.talk.ServerCheckCommand Session (2802903538982921338) 10.10.152.85:50384 checkin.
08:56:48.376 [DEBUG] net.cellcloud.talk.ServerCheckCommand Session (7776375034006572171) 192.168.2.112:52559 checkin.
09:02:31.607 [DEBUG] net.cellcloud.talk.ServerCheckCommand Session (8473340486840026413) 10.10.152.85:50421 checkin.
09:05:39.781 [DEBUG] net.cellcloud.talk.ServerCheckCommand Session (8157753812868820322) 192.168.2.112:49336 checkin.
09:11:33.166 [DEBUG] net.cellcloud.talk.ServerCheckCommand Session (5615530109450400815) 192.168.2.112:49303 checkin.
09:19:43.402 [DEBUG] net.cellcloud.talk.ServerCheckCommand Session (3826971827567957128) 192.168.2.112:49388 checkin.
09:22:02.480 [DEBUG] net.cellcloud.talk.ServerCheckCommand Session (5022370832065617644) 10.10.152.85:50605 checkin.
09:23:51.558 [DEBUG] net.cellcloud.talk.ServerCheckCommand Session (814853277627823449) 10.10.152.85:50635 checkin.
09:24:22.710 [DEBUG] net.cellcloud.talk.ServerCheckCommand Session (2499636110446582238) 192.168.2.112:49422 checkin.
09:25:37.688 [DEBUG] net.cellcloud.talk.ServerCheckCommand Session (1661896477524727693) 192.168.2.112:49460 checkin.
09:26:03.921 [DEBUG] net.cellcloud.talk.TalkService Can't find target tag in context list : 15A058CD-0327-4255-A790-C30A23E73AF1
09:26:11.936 [DEBUG] net.cellcloud.talk.TalkService Can't find target tag in context list : 15A058CD-0327-4255-A790-C30A23E73AF1
09:31:00.919 [DEBUG] net.cellcloud.talk.TalkService Can't find target tag in context list : 15A058CD-0327-4255-A790-C30A23E73AF1
09:31:41.183 [DEBUG] net.cellcloud.talk.TalkService Can't find target tag in context list : 15A058CD-0327-4255-A790-C30A23E73AF1
09:34:05.271 [DEBUG] net.cellcloud.talk.TalkService Can't find target tag in context list : 15A058CD-0327-4255-A790-C30A23E73AF1
09:34:19.999 [DEBUG] net.cellcloud.talk.ServerCheckCommand Session (2526849166327340570) 10.10.152.85:50883 checkin.
09:34:29.292 [DEBUG] net.cellcloud.talk.TalkService Can't find target tag in context list : 15A058CD-0327-4255-A790-C30A23E73AF1
09:34:45.310 [DEBUG] net.cellcloud.talk.TalkService Can't find target tag in context list : 15A058CD-0327-4255-A790-C30A23E73AF1
09:34:53.321 [DEBUG] net.cellcloud.talk.TalkService Can't find target tag in context list : 15A058CD-0327-4255-A790-C30A23E73AF1
09:36:05.381 [DEBUG] net.cellcloud.talk.TalkService Can't find target tag in context list : 15A058CD-0327-4255-A790-C30A23E73AF1
09:36:13.391 [DEBUG] net.cellcloud.talk.TalkService Can't find target tag in context list : 15A058CD-0327-4255-A790-C30A23E73AF1
09:36:21.422 [DEBUG] net.cellcloud.talk.TalkService Can't find target tag in context list : 15A058CD-0327-4255-A790-C30A23E73AF1
09:36:29.444 [DEBUG] net.cellcloud.talk.TalkService Can't find target tag in context list : 15A058CD-0327-4255-A790-C30A23E73AF1
09:36:53.462 [DEBUG] net.cellcloud.talk.TalkService Can't find target tag in context list : 15A058CD-0327-4255-A790-C30A23E73AF1
09:45:33.963 [DEBUG] net.cellcloud.talk.TalkService Can't find target tag in context list : 15A058CD-0327-4255-A790-C30A23E73AF1
09:46:13.999 [DEBUG] net.cellcloud.talk.TalkService Can't find target tag in context list : 15A058CD-0327-4255-A790-C30A23E73AF1
09:46:46.027 [DEBUG] net.cellcloud.talk.TalkService Can't find target tag in context list : 15A058CD-0327-4255-A790-C30A23E73AF1
09:48:22.093 [DEBUG] net.cellcloud.talk.TalkService Can't find target tag in context list : 15A058CD-0327-4255-A790-C30A23E73AF1
09:51:26.211 [DEBUG] net.cellcloud.talk.TalkService Can't find target tag in context list : 15A058CD-0327-4255-A790-C30A23E73AF1
09:51:34.225 [DEBUG] net.cellcloud.talk.TalkService Can't find target tag in context list : 15A058CD-0327-4255-A790-C30A23E73AF1
09:51:58.258 [DEBUG] net.cellcloud.talk.TalkService Can't find target tag in context list : 15A058CD-0327-4255-A790-C30A23E73AF1
09:51:58.557 [DEBUG] net.cellcloud.talk.TalkService Can't find target tag in context list : 15A058CD-0327-4255-A790-C30A23E73AF1
09:52:06.305 [DEBUG] net.cellcloud.talk.TalkService Can't find target tag in context list : 15A058CD-0327-4255-A790-C30A23E73AF1
09:52:14.315 [DEBUG] net.cellcloud.talk.TalkService Can't find target tag in context list : 15A058CD-0327-4255-A790-C30A23E73AF1
09:53:29.830 [DEBUG] net.cellcloud.talk.ServerCheckCommand Session (2305478730528266820) 10.10.152.85:51560 checkin.
09:56:14.749 [DEBUG] net.cellcloud.talk.TalkService Can't find target tag in context list : 15A058CD-0327-4255-A790-C30A23E73AF1
09:56:22.798 [DEBUG] net.cellcloud.talk.TalkService Can't find target tag in context list : 15A058CD-0327-4255-A790-C30A23E73AF1
09:58:46.897 [DEBUG] net.cellcloud.talk.TalkService Can't find target tag in context list : 15A058CD-0327-4255-A790-C30A23E73AF1
10:01:02.980 [DEBUG] net.cellcloud.talk.TalkService Can't find target tag in context list : 15A058CD-0327-4255-A790-C30A23E73AF1
10:02:19.194 [DEBUG] net.cellcloud.talk.ServerCheckCommand Session (2133097105402784626) 10.10.152.85:52054 checkin.
10:06:07.164 [DEBUG] net.cellcloud.talk.TalkService Can't find target tag in context list : 15A058CD-0327-4255-A790-C30A23E73AF1
10:06:15.172 [DEBUG] net.cellcloud.talk.TalkService Can't find target tag in context list : 15A058CD-0327-4255-A790-C30A23E73AF1
10:06:39.195 [DEBUG] net.cellcloud.talk.TalkService Can't find target tag in context list : 15A058CD-0327-4255-A790-C30A23E73AF1
10:07:11.216 [DEBUG] net.cellcloud.talk.TalkService Can't find target tag in context list : 15A058CD-0327-4255-A790-C30A23E73AF1
10:11:11.400 [DEBUG] net.cellcloud.talk.TalkService Can't find target tag in context list : 15A058CD-0327-4255-A790-C30A23E73AF1
10:16:39.789 [DEBUG] net.cellcloud.talk.TalkService Can't find target tag in context list : 15A058CD-0327-4255-A790-C30A23E73AF1
10:16:47.796 [DEBUG] net.cellcloud.talk.TalkService Can't find target tag in context list : 15A058CD-0327-4255-A790-C30A23E73AF1
10:16:56.006 [DEBUG] net.cellcloud.talk.TalkService Can't find target tag in context list : 15A058CD-0327-4255-A790-C30A23E73AF1
10:31:36.710 [DEBUG] net.cellcloud.talk.TalkService Can't find target tag in context list : 15A058CD-0327-4255-A790-C30A23E73AF1
10:34:10.554 [DEBUG] net.cellcloud.talk.ServerCheckCommand Session (4576951750328606927) 10.10.152.85:53113 checkin.
10:34:48.823 [DEBUG] net.cellcloud.talk.TalkService Can't find target tag in context list : 15A058CD-0327-4255-A790-C30A23E73AF1
10:36:26.617 [DEBUG] net.cellcloud.talk.TalkService Can't find target tag in context list : 15A058CD-0327-4255-A790-C30A23E73AF1
10:36:48.998 [DEBUG] net.cellcloud.talk.TalkService Can't find target tag in context list : 15A058CD-0327-4255-A790-C30A23E73AF1
10:37:13.015 [DEBUG] net.cellcloud.talk.TalkService Can't find target tag in context list : 15A058CD-0327-4255-A790-C30A23E73AF1
10:41:13.195 [DEBUG] net.cellcloud.talk.TalkService Can't find target tag in context list : 15A058CD-0327-4255-A790-C30A23E73AF1
10:41:21.204 [DEBUG] net.cellcloud.talk.TalkService Can't find target tag in context list : 15A058CD-0327-4255-A790-C30A23E73AF1
10:42:09.239 [DEBUG] net.cellcloud.talk.TalkService Can't find target tag in context list : 15A058CD-0327-4255-A790-C30A23E73AF1
10:46:17.402 [DEBUG] net.cellcloud.talk.TalkService Can't find target tag in context list : 15A058CD-0327-4255-A790-C30A23E73AF1
10:49:07.979 [DEBUG] net.cellcloud.talk.TalkService Can't find target tag in context list : 15A058CD-0327-4255-A790-C30A23E73AF1
10:49:37.662 [DEBUG] net.cellcloud.talk.TalkService Can't find target tag in context list : 15A058CD-0327-4255-A790-C30A23E73AF1
10:49:48.223 [DEBUG] net.cellcloud.talk.TalkService Can't find target tag in context list : 15A058CD-0327-4255-A790-C30A23E73AF1
10:50:36.255 [DEBUG] net.cellcloud.talk.TalkService Can't find target tag in context list : 15A058CD-0327-4255-A790-C30A23E73AF1
10:50:44.313 [DEBUG] net.cellcloud.talk.TalkService Can't find target tag in context list : 15A058CD-0327-4255-A790-C30A23E73AF1
10:50:57.814 [DEBUG] net.cellcloud.talk.TalkService Can't find target tag in context list : 15A058CD-0327-4255-A790-C30A23E73AF1
10:51:05.825 [DEBUG] net.cellcloud.talk.TalkService Can't find target tag in context list : 15A058CD-0327-4255-A790-C30A23E73AF1
10:51:08.335 [DEBUG] net.cellcloud.talk.TalkService Can't find target tag in context list : 15A058CD-0327-4255-A790-C30A23E73AF1
10:55:46.490 [DEBUG] net.cellcloud.talk.TalkService Can't find target tag in context list : 15A058CD-0327-4255-A790-C30A23E73AF1
10:55:48.573 [DEBUG] net.cellcloud.talk.TalkService Can't find target tag in context list : 15A058CD-0327-4255-A790-C30A23E73AF1
10:55:54.753 [DEBUG] net.cellcloud.talk.TalkService Can't find target tag in context list : 15A058CD-0327-4255-A790-C30A23E73AF1
10:55:56.778 [DEBUG] net.cellcloud.talk.TalkService Can't find target tag in context list : 15A058CD-0327-4255-A790-C30A23E73AF1
10:56:02.759 [DEBUG] net.cellcloud.talk.TalkService Can't find target tag in context list : 15A058CD-0327-4255-A790-C30A23E73AF1
10:56:10.784 [DEBUG] net.cellcloud.talk.TalkService Can't find target tag in context list : 15A058CD-0327-4255-A790-C30A23E73AF1
11:00:59.389 [DEBUG] net.cellcloud.talk.TalkService Can't find target tag in context list : 15A058CD-0327-4255-A790-C30A23E73AF1
11:05:49.547 [DEBUG] net.cellcloud.talk.TalkService Can't find target tag in context list : 15A058CD-0327-4255-A790-C30A23E73AF1
11:05:55.573 [DEBUG] net.cellcloud.talk.TalkService Can't find target tag in context list : 15A058CD-0327-4255-A790-C30A23E73AF1
11:06:05.562 [DEBUG] net.cellcloud.talk.TalkService Can't find target tag in context list : 15A058CD-0327-4255-A790-C30A23E73AF1
11:06:27.852 [DEBUG] net.cellcloud.talk.TalkService Can't find target tag in context list : 15A058CD-0327-4255-A790-C30A23E73AF1
11:06:51.869 [DEBUG] net.cellcloud.talk.TalkService Can't find target tag in context list : 15A058CD-0327-4255-A790-C30A23E73AF1
11:16:20.924 [DEBUG] net.cellcloud.talk.TalkService Can't find target tag in context list : 15A058CD-0327-4255-A790-C30A23E73AF1
11:20:53.661 [DEBUG] net.cellcloud.talk.TalkService Can't find target tag in context list : 15A058CD-0327-4255-A790-C30A23E73AF1
11:21:01.681 [DEBUG] net.cellcloud.talk.TalkService Can't find target tag in context list : 15A058CD-0327-4255-A790-C30A23E73AF1
11:27:25.621 [DEBUG] net.cellcloud.talk.TalkService Can't find target tag in context list : 15A058CD-0327-4255-A790-C30A23E73AF1
11:30:57.494 [DEBUG] net.cellcloud.talk.TalkService Can't find target tag in context list : 15A058CD-0327-4255-A790-C30A23E73AF1
11:31:05.500 [DEBUG] net.cellcloud.talk.TalkService Can't find target tag in context list : 15A058CD-0327-4255-A790-C30A23E73AF1
11:31:18.605 [DEBUG] net.cellcloud.talk.TalkService Can't find target tag in context list : 15A058CD-0327-4255-A790-C30A23E73AF1
11:31:31.211 [DEBUG] net.cellcloud.talk.TalkService Can't find target tag in context list : 15A058CD-0327-4255-A790-C30A23E73AF1
11:35:46.914 [DEBUG] net.cellcloud.talk.TalkService Can't find target tag in context list : 15A058CD-0327-4255-A790-C30A23E73AF1
11:35:47.811 [DEBUG] net.cellcloud.talk.TalkService Can't find target tag in context list : 15A058CD-0327-4255-A790-C30A23E73AF1
11:35:55.444 [DEBUG] net.cellcloud.talk.TalkService Can't find target tag in context list : 15A058CD-0327-4255-A790-C30A23E73AF1
11:36:11.455 [DEBUG] net.cellcloud.talk.TalkService Can't find target tag in context list : 15A058CD-0327-4255-A790-C30A23E73AF1
11:40:44.155 [DEBUG] net.cellcloud.talk.TalkService Can't find target tag in context list : 15A058CD-0327-4255-A790-C30A23E73AF1
11:40:52.165 [DEBUG] net.cellcloud.talk.TalkService Can't find target tag in context list : 15A058CD-0327-4255-A790-C30A23E73AF1
11:41:00.175 [DEBUG] net.cellcloud.talk.TalkService Can't find target tag in context list : 15A058CD-0327-4255-A790-C30A23E73AF1
11:41:08.181 [DEBUG] net.cellcloud.talk.TalkService Can't find target tag in context list : 15A058CD-0327-4255-A790-C30A23E73AF1
11:41:09.016 [DEBUG] net.cellcloud.talk.TalkService Can't find target tag in context list : 15A058CD-0327-4255-A790-C30A23E73AF1
11:43:10.456 [DEBUG] net.cellcloud.talk.ServerCheckCommand Session (7845375549799686231) 10.10.152.85:55441 checkin.
11:45:56.350 [DEBUG] net.cellcloud.talk.TalkService Can't find target tag in context list : 15A058CD-0327-4255-A790-C30A23E73AF1
11:46:04.366 [DEBUG] net.cellcloud.talk.TalkService Can't find target tag in context list : 15A058CD-0327-4255-A790-C30A23E73AF1
11:46:37.317 [DEBUG] net.cellcloud.talk.TalkService Can't find target tag in context list : 15A058CD-0327-4255-A790-C30A23E73AF1
11:46:53.342 [DEBUG] net.cellcloud.talk.TalkService Can't find target tag in context list : 15A058CD-0327-4255-A790-C30A23E73AF1
11:49:17.685 [DEBUG] net.cellcloud.talk.TalkService Can't find target tag in context list : 15A058CD-0327-4255-A790-C30A23E73AF1
11:49:41.503 [DEBUG] net.cellcloud.talk.TalkService Can't find target tag in context list : 15A058CD-0327-4255-A790-C30A23E73AF1
11:49:49.574 [DEBUG] net.cellcloud.talk.TalkService Can't find target tag in context list : 15A058CD-0327-4255-A790-C30A23E73AF1
11:49:57.581 [DEBUG] net.cellcloud.talk.TalkService Can't find target tag in context list : 15A058CD-0327-4255-A790-C30A23E73AF1
11:50:45.620 [DEBUG] net.cellcloud.talk.TalkService Can't find target tag in context list : 15A058CD-0327-4255-A790-C30A23E73AF1
11:50:45.737 [DEBUG] net.cellcloud.talk.TalkService Can't find target tag in context list : 15A058CD-0327-4255-A790-C30A23E73AF1
11:50:53.803 [DEBUG] net.cellcloud.talk.TalkService Can't find target tag in context list : 15A058CD-0327-4255-A790-C30A23E73AF1
11:51:01.816 [DEBUG] net.cellcloud.talk.TalkService Can't find target tag in context list : 15A058CD-0327-4255-A790-C30A23E73AF1
11:51:09.825 [DEBUG] net.cellcloud.talk.TalkService Can't find target tag in context list : 15A058CD-0327-4255-A790-C30A23E73AF1
11:51:17.913 [DEBUG] net.cellcloud.talk.TalkService Can't find target tag in context list : 15A058CD-0327-4255-A790-C30A23E73AF1
11:51:57.940 [DEBUG] net.cellcloud.talk.TalkService Can't find target tag in context list : 15A058CD-0327-4255-A790-C30A23E73AF1
11:55:50.655 [DEBUG] net.cellcloud.talk.TalkService Can't find target tag in context list : 15A058CD-0327-4255-A790-C30A23E73AF1
11:55:59.205 [DEBUG] net.cellcloud.talk.TalkService Can't find target tag in context list : 15A058CD-0327-4255-A790-C30A23E73AF1
11:56:06.855 [DEBUG] net.cellcloud.talk.TalkService Can't find target tag in context list : 15A058CD-0327-4255-A790-C30A23E73AF1
11:56:07.211 [DEBUG] net.cellcloud.talk.TalkService Can't find target tag in context list : 15A058CD-0327-4255-A790-C30A23E73AF1
11:56:14.882 [DEBUG] net.cellcloud.talk.TalkService Can't find target tag in context list : 15A058CD-0327-4255-A790-C30A23E73AF1
11:56:22.906 [DEBUG] net.cellcloud.talk.TalkService Can't find target tag in context list : 15A058CD-0327-4255-A790-C30A23E73AF1
11:56:46.954 [DEBUG] net.cellcloud.talk.TalkService Can't find target tag in context list : 15A058CD-0327-4255-A790-C30A23E73AF1
12:00:47.298 [DEBUG] net.cellcloud.talk.TalkService Can't find target tag in context list : 15A058CD-0327-4255-A790-C30A23E73AF1
12:00:55.311 [DEBUG] net.cellcloud.talk.TalkService Can't find target tag in context list : 15A058CD-0327-4255-A790-C30A23E73AF1
12:01:03.333 [DEBUG] net.cellcloud.talk.TalkService Can't find target tag in context list : 15A058CD-0327-4255-A790-C30A23E73AF1
12:05:51.502 [DEBUG] net.cellcloud.talk.TalkService Can't find target tag in context list : 15A058CD-0327-4255-A790-C30A23E73AF1
12:05:59.524 [DEBUG] net.cellcloud.talk.TalkService Can't find target tag in context list : 15A058CD-0327-4255-A790-C30A23E73AF1
12:06:07.549 [DEBUG] net.cellcloud.talk.TalkService Can't find target tag in context list : 15A058CD-0327-4255-A790-C30A23E73AF1
12:06:39.735 [DEBUG] net.cellcloud.talk.TalkService Can't find target tag in context list : 15A058CD-0327-4255-A790-C30A23E73AF1
12:11:03.901 [DEBUG] net.cellcloud.talk.TalkService Can't find target tag in context list : 15A058CD-0327-4255-A790-C30A23E73AF1
12:11:11.917 [DEBUG] net.cellcloud.talk.TalkService Can't find target tag in context list : 15A058CD-0327-4255-A790-C30A23E73AF1
12:16:00.098 [DEBUG] net.cellcloud.talk.TalkService Can't find target tag in context list : 15A058CD-0327-4255-A790-C30A23E73AF1
12:16:08.106 [DEBUG] net.cellcloud.talk.TalkService Can't find target tag in context list : 15A058CD-0327-4255-A790-C30A23E73AF1
12:16:08.106 [DEBUG] net.cellcloud.talk.TalkService Can't find target tag in context list : 15A058CD-0327-4255-A790-C30A23E73AF1
12:16:16.122 [DEBUG] net.cellcloud.talk.TalkService Can't find target tag in context list : 15A058CD-0327-4255-A790-C30A23E73AF1
12:16:16.122 [DEBUG] net.cellcloud.talk.TalkService Can't find target tag in context list : 15A058CD-0327-4255-A790-C30A23E73AF1
12:16:32.147 [DEBUG] net.cellcloud.talk.TalkService Can't find target tag in context list : 15A058CD-0327-4255-A790-C30A23E73AF1
12:16:32.147 [DEBUG] net.cellcloud.talk.TalkService Can't find target tag in context list : 15A058CD-0327-4255-A790-C30A23E73AF1
12:17:12.178 [DEBUG] net.cellcloud.talk.TalkService Can't find target tag in context list : 15A058CD-0327-4255-A790-C30A23E73AF1
12:20:48.336 [DEBUG] net.cellcloud.talk.TalkService Can't find target tag in context list : 15A058CD-0327-4255-A790-C30A23E73AF1
12:20:56.344 [DEBUG] net.cellcloud.talk.TalkService Can't find target tag in context list : 15A058CD-0327-4255-A790-C30A23E73AF1
12:26:01.666 [DEBUG] net.cellcloud.talk.TalkService Can't find target tag in context list : 15A058CD-0327-4255-A790-C30A23E73AF1
12:26:09.679 [DEBUG] net.cellcloud.talk.TalkService Can't find target tag in context list : 15A058CD-0327-4255-A790-C30A23E73AF1
12:26:17.703 [DEBUG] net.cellcloud.talk.TalkService Can't find target tag in context list : 15A058CD-0327-4255-A790-C30A23E73AF1
12:26:33.716 [DEBUG] net.cellcloud.talk.TalkService Can't find target tag in context list : 15A058CD-0327-4255-A790-C30A23E73AF1
12:26:41.730 [DEBUG] net.cellcloud.talk.TalkService Can't find target tag in context list : 15A058CD-0327-4255-A790-C30A23E73AF1
12:31:06.148 [DEBUG] net.cellcloud.talk.TalkService Can't find target tag in context list : 15A058CD-0327-4255-A790-C30A23E73AF1
12:35:54.554 [DEBUG] net.cellcloud.talk.TalkService Can't find target tag in context list : 15A058CD-0327-4255-A790-C30A23E73AF1
12:35:54.751 [DEBUG] net.cellcloud.talk.TalkService Can't find target tag in context list : 15A058CD-0327-4255-A790-C30A23E73AF1
12:36:02.570 [DEBUG] net.cellcloud.talk.TalkService Can't find target tag in context list : 15A058CD-0327-4255-A790-C30A23E73AF1
12:36:10.580 [DEBUG] net.cellcloud.talk.TalkService Can't find target tag in context list : 15A058CD-0327-4255-A790-C30A23E73AF1
12:36:26.597 [DEBUG] net.cellcloud.talk.TalkService Can't find target tag in context list : 15A058CD-0327-4255-A790-C30A23E73AF1
12:36:34.812 [DEBUG] net.cellcloud.talk.TalkService Can't find target tag in context list : 15A058CD-0327-4255-A790-C30A23E73AF1
12:40:50.927 [DEBUG] net.cellcloud.talk.TalkService Can't find target tag in context list : 15A058CD-0327-4255-A790-C30A23E73AF1
12:41:07.006 [DEBUG] net.cellcloud.talk.TalkService Can't find target tag in context list : 15A058CD-0327-4255-A790-C30A23E73AF1
12:45:56.067 [DEBUG] net.cellcloud.talk.TalkService Can't find target tag in context list : 15A058CD-0327-4255-A790-C30A23E73AF1
12:46:04.082 [DEBUG] net.cellcloud.talk.TalkService Can't find target tag in context list : 15A058CD-0327-4255-A790-C30A23E73AF1
12:46:28.160 [DEBUG] net.cellcloud.talk.TalkService Can't find target tag in context list : 15A058CD-0327-4255-A790-C30A23E73AF1
12:46:36.170 [DEBUG] net.cellcloud.talk.TalkService Can't find target tag in context list : 15A058CD-0327-4255-A790-C30A23E73AF1
12:46:44.181 [DEBUG] net.cellcloud.talk.TalkService Can't find target tag in context list : 15A058CD-0327-4255-A790-C30A23E73AF1
12:49:16.318 [DEBUG] net.cellcloud.talk.TalkService Can't find target tag in context list : 15A058CD-0327-4255-A790-C30A23E73AF1
12:49:16.447 [DEBUG] net.cellcloud.talk.TalkService Can't find target tag in context list : 15A058CD-0327-4255-A790-C30A23E73AF1
12:49:24.326 [DEBUG] net.cellcloud.talk.TalkService Can't find target tag in context list : 15A058CD-0327-4255-A790-C30A23E73AF1
12:49:48.656 [DEBUG] net.cellcloud.talk.TalkService Can't find target tag in context list : 15A058CD-0327-4255-A790-C30A23E73AF1
12:49:56.958 [DEBUG] net.cellcloud.talk.TalkService Can't find target tag in context list : 15A058CD-0327-4255-A790-C30A23E73AF1
12:50:04.763 [DEBUG] net.cellcloud.talk.TalkService Can't find target tag in context list : 15A058CD-0327-4255-A790-C30A23E73AF1
12:50:44.793 [DEBUG] net.cellcloud.talk.TalkService Can't find target tag in context list : 15A058CD-0327-4255-A790-C30A23E73AF1
12:50:52.803 [DEBUG] net.cellcloud.talk.TalkService Can't find target tag in context list : 15A058CD-0327-4255-A790-C30A23E73AF1
12:51:01.263 [DEBUG] net.cellcloud.talk.TalkService Can't find target tag in context list : 15A058CD-0327-4255-A790-C30A23E73AF1
12:51:09.264 [DEBUG] net.cellcloud.talk.TalkService Can't find target tag in context list : 15A058CD-0327-4255-A790-C30A23E73AF1
12:51:17.294 [DEBUG] net.cellcloud.talk.TalkService Can't find target tag in context list : 15A058CD-0327-4255-A790-C30A23E73AF1
12:52:05.319 [DEBUG] net.cellcloud.talk.TalkService Can't find target tag in context list : 15A058CD-0327-4255-A790-C30A23E73AF1
12:55:49.449 [DEBUG] net.cellcloud.talk.TalkService Can't find target tag in context list : 15A058CD-0327-4255-A790-C30A23E73AF1
12:55:57.540 [DEBUG] net.cellcloud.talk.TalkService Can't find target tag in context list : 15A058CD-0327-4255-A790-C30A23E73AF1
12:56:05.606 [DEBUG] net.cellcloud.talk.TalkService Can't find target tag in context list : 15A058CD-0327-4255-A790-C30A23E73AF1
12:56:05.606 [DEBUG] net.cellcloud.talk.TalkService Can't find target tag in context list : 15A058CD-0327-4255-A790-C30A23E73AF1
12:56:13.650 [DEBUG] net.cellcloud.talk.TalkService Can't find target tag in context list : 15A058CD-0327-4255-A790-C30A23E73AF1
12:56:13.650 [DEBUG] net.cellcloud.talk.TalkService Can't find target tag in context list : 15A058CD-0327-4255-A790-C30A23E73AF1
12:56:29.749 [DEBUG] net.cellcloud.talk.TalkService Can't find target tag in context list : 15A058CD-0327-4255-A790-C30A23E73AF1
13:00:54.099 [DEBUG] net.cellcloud.talk.TalkService Can't find target tag in context list : 15A058CD-0327-4255-A790-C30A23E73AF1
13:01:01.906 [DEBUG] net.cellcloud.talk.TalkService Can't find target tag in context list : 15A058CD-0327-4255-A790-C30A23E73AF1
13:01:17.917 [DEBUG] net.cellcloud.talk.TalkService Can't find target tag in context list : 15A058CD-0327-4255-A790-C30A23E73AF1
13:05:58.705 [DEBUG] net.cellcloud.talk.TalkService Can't find target tag in context list : 15A058CD-0327-4255-A790-C30A23E73AF1
13:06:07.131 [DEBUG] net.cellcloud.talk.TalkService Can't find target tag in context list : 15A058CD-0327-4255-A790-C30A23E73AF1
13:06:14.820 [DEBUG] net.cellcloud.talk.TalkService Can't find target tag in context list : 15A058CD-0327-4255-A790-C30A23E73AF1
13:06:15.138 [DEBUG] net.cellcloud.talk.TalkService Can't find target tag in context list : 15A058CD-0327-4255-A790-C30A23E73AF1
13:06:22.931 [DEBUG] net.cellcloud.talk.TalkService Can't find target tag in context list : 15A058CD-0327-4255-A790-C30A23E73AF1
13:06:39.117 [DEBUG] net.cellcloud.talk.TalkService Can't find target tag in context list : 15A058CD-0327-4255-A790-C30A23E73AF1
13:06:47.171 [DEBUG] net.cellcloud.talk.TalkService Can't find target tag in context list : 15A058CD-0327-4255-A790-C30A23E73AF1
13:10:55.554 [DEBUG] net.cellcloud.talk.TalkService Can't find target tag in context list : 15A058CD-0327-4255-A790-C30A23E73AF1
13:11:03.567 [DEBUG] net.cellcloud.talk.TalkService Can't find target tag in context list : 15A058CD-0327-4255-A790-C30A23E73AF1
13:11:35.589 [DEBUG] net.cellcloud.talk.TalkService Can't find target tag in context list : 15A058CD-0327-4255-A790-C30A23E73AF1
13:15:59.732 [DEBUG] net.cellcloud.talk.TalkService Can't find target tag in context list : 15A058CD-0327-4255-A790-C30A23E73AF1
13:16:07.754 [DEBUG] net.cellcloud.talk.TalkService Can't find target tag in context list : 15A058CD-0327-4255-A790-C30A23E73AF1
13:16:15.765 [DEBUG] net.cellcloud.talk.TalkService Can't find target tag in context list : 15A058CD-0327-4255-A790-C30A23E73AF1
13:16:31.780 [DEBUG] net.cellcloud.talk.TalkService Can't find target tag in context list : 15A058CD-0327-4255-A790-C30A23E73AF1
13:16:55.996 [DEBUG] net.cellcloud.talk.TalkService Can't find target tag in context list : 15A058CD-0327-4255-A790-C30A23E73AF1
13:20:56.140 [DEBUG] net.cellcloud.talk.TalkService Can't find target tag in context list : 15A058CD-0327-4255-A790-C30A23E73AF1
13:21:04.151 [DEBUG] net.cellcloud.talk.TalkService Can't find target tag in context list : 15A058CD-0327-4255-A790-C30A23E73AF1
13:21:20.161 [DEBUG] net.cellcloud.talk.TalkService Can't find target tag in context list : 15A058CD-0327-4255-A790-C30A23E73AF1
13:26:00.325 [DEBUG] net.cellcloud.talk.TalkService Can't find target tag in context list : 15A058CD-0327-4255-A790-C30A23E73AF1
13:26:16.480 [DEBUG] net.cellcloud.talk.TalkService Can't find target tag in context list : 15A058CD-0327-4255-A790-C30A23E73AF1
13:26:24.499 [DEBUG] net.cellcloud.talk.TalkService Can't find target tag in context list : 15A058CD-0327-4255-A790-C30A23E73AF1
13:26:32.509 [DEBUG] net.cellcloud.talk.TalkService Can't find target tag in context list : 15A058CD-0327-4255-A790-C30A23E73AF1
13:26:40.536 [DEBUG] net.cellcloud.talk.TalkService Can't find target tag in context list : 15A058CD-0327-4255-A790-C30A23E73AF1
13:30:56.696 [DEBUG] net.cellcloud.talk.TalkService Can't find target tag in context list : 15A058CD-0327-4255-A790-C30A23E73AF1
13:35:52.874 [DEBUG] net.cellcloud.talk.TalkService Can't find target tag in context list : 15A058CD-0327-4255-A790-C30A23E73AF1
13:36:00.890 [DEBUG] net.cellcloud.talk.TalkService Can't find target tag in context list : 15A058CD-0327-4255-A790-C30A23E73AF1
13:36:25.322 [DEBUG] net.cellcloud.talk.TalkService Can't find target tag in context list : 15A058CD-0327-4255-A790-C30A23E73AF1
13:36:41.459 [DEBUG] net.cellcloud.talk.TalkService Can't find target tag in context list : 15A058CD-0327-4255-A790-C30A23E73AF1
13:36:41.459 [DEBUG] net.cellcloud.talk.TalkService Can't find target tag in context list : 15A058CD-0327-4255-A790-C30A23E73AF1
13:36:57.473 [DEBUG] net.cellcloud.talk.TalkService Can't find target tag in context list : 15A058CD-0327-4255-A790-C30A23E73AF1
13:36:57.473 [DEBUG] net.cellcloud.talk.TalkService Can't find target tag in context list : 15A058CD-0327-4255-A790-C30A23E73AF1
13:40:57.611 [DEBUG] net.cellcloud.talk.TalkService Can't find target tag in context list : 15A058CD-0327-4255-A790-C30A23E73AF1
13:45:54.907 [DEBUG] net.cellcloud.talk.TalkService Can't find target tag in context list : 15A058CD-0327-4255-A790-C30A23E73AF1
13:45:56.117 [DEBUG] net.cellcloud.talk.TalkService Can't find target tag in context list : 15A058CD-0327-4255-A790-C30A23E73AF1
13:46:02.921 [DEBUG] net.cellcloud.talk.TalkService Can't find target tag in context list : 15A058CD-0327-4255-A790-C30A23E73AF1
13:46:34.943 [DEBUG] net.cellcloud.talk.TalkService Can't find target tag in context list : 15A058CD-0327-4255-A790-C30A23E73AF1
13:48:51.029 [DEBUG] net.cellcloud.talk.TalkService Can't find target tag in context list : 15A058CD-0327-4255-A790-C30A23E73AF1
13:49:23.125 [DEBUG] net.cellcloud.talk.TalkService Can't find target tag in context list : 15A058CD-0327-4255-A790-C30A23E73AF1
13:49:55.191 [DEBUG] net.cellcloud.talk.TalkService Can't find target tag in context list : 15A058CD-0327-4255-A790-C30A23E73AF1
13:49:56.529 [DEBUG] net.cellcloud.talk.TalkService Can't find target tag in context list : 15A058CD-0327-4255-A790-C30A23E73AF1
13:50:03.201 [DEBUG] net.cellcloud.talk.TalkService Can't find target tag in context list : 15A058CD-0327-4255-A790-C30A23E73AF1
13:50:51.240 [DEBUG] net.cellcloud.talk.TalkService Can't find target tag in context list : 15A058CD-0327-4255-A790-C30A23E73AF1
13:50:59.448 [DEBUG] net.cellcloud.talk.TalkService Can't find target tag in context list : 15A058CD-0327-4255-A790-C30A23E73AF1
13:51:00.567 [DEBUG] net.cellcloud.talk.TalkService Can't find target tag in context list : 15A058CD-0327-4255-A790-C30A23E73AF1
13:51:07.459 [DEBUG] net.cellcloud.talk.TalkService Can't find target tag in context list : 15A058CD-0327-4255-A790-C30A23E73AF1
13:51:23.478 [DEBUG] net.cellcloud.talk.TalkService Can't find target tag in context list : 15A058CD-0327-4255-A790-C30A23E73AF1
13:51:31.492 [DEBUG] net.cellcloud.talk.TalkService Can't find target tag in context list : 15A058CD-0327-4255-A790-C30A23E73AF1
13:52:03.902 [DEBUG] net.cellcloud.talk.TalkService Can't find target tag in context list : 15A058CD-0327-4255-A790-C30A23E73AF1
13:52:59.790 [DEBUG] net.cellcloud.talk.ServerCheckCommand Session (5250337645178371284) 10.10.152.85:59638 checkin.
13:55:56.042 [DEBUG] net.cellcloud.talk.TalkService Can't find target tag in context list : 15A058CD-0327-4255-A790-C30A23E73AF1
13:56:04.095 [DEBUG] net.cellcloud.talk.TalkService Can't find target tag in context list : 15A058CD-0327-4255-A790-C30A23E73AF1
13:56:05.144 [DEBUG] net.cellcloud.talk.TalkService Can't find target tag in context list : 15A058CD-0327-4255-A790-C30A23E73AF1
13:56:12.181 [DEBUG] net.cellcloud.talk.TalkService Can't find target tag in context list : 15A058CD-0327-4255-A790-C30A23E73AF1
13:56:20.252 [DEBUG] net.cellcloud.talk.TalkService Can't find target tag in context list : 15A058CD-0327-4255-A790-C30A23E73AF1
13:56:28.279 [DEBUG] net.cellcloud.talk.TalkService Can't find target tag in context list : 15A058CD-0327-4255-A790-C30A23E73AF1
13:56:29.517 [DEBUG] net.cellcloud.talk.TalkService Can't find target tag in context list : 15A058CD-0327-4255-A790-C30A23E73AF1
13:56:37.525 [DEBUG] net.cellcloud.talk.TalkService Can't find target tag in context list : 15A058CD-0327-4255-A790-C30A23E73AF1
13:56:45.537 [DEBUG] net.cellcloud.talk.TalkService Can't find target tag in context list : 15A058CD-0327-4255-A790-C30A23E73AF1
13:57:01.555 [DEBUG] net.cellcloud.talk.TalkService Can't find target tag in context list : 15A058CD-0327-4255-A790-C30A23E73AF1
14:06:02.212 [DEBUG] net.cellcloud.talk.TalkService Can't find target tag in context list : 15A058CD-0327-4255-A790-C30A23E73AF1
14:06:06.718 [DEBUG] net.cellcloud.talk.TalkService Can't find target tag in context list : 15A058CD-0327-4255-A790-C30A23E73AF1
14:06:14.727 [DEBUG] net.cellcloud.talk.TalkService Can't find target tag in context list : 15A058CD-0327-4255-A790-C30A23E73AF1
14:06:30.739 [DEBUG] net.cellcloud.talk.TalkService Can't find target tag in context list : 15A058CD-0327-4255-A790-C30A23E73AF1
14:11:02.956 [DEBUG] net.cellcloud.talk.TalkService Can't find target tag in context list : 15A058CD-0327-4255-A790-C30A23E73AF1
14:16:02.553 [DEBUG] net.cellcloud.talk.TalkService Can't find target tag in context list : 15A058CD-0327-4255-A790-C30A23E73AF1
14:16:18.589 [DEBUG] net.cellcloud.talk.TalkService Can't find target tag in context list : 15A058CD-0327-4255-A790-C30A23E73AF1
14:16:29.744 [DEBUG] net.cellcloud.talk.ServerCheckCommand Session (5559224174886788698) 10.10.152.85:60542 checkin.
14:16:34.860 [DEBUG] net.cellcloud.talk.TalkService Can't find target tag in context list : 15A058CD-0327-4255-A790-C30A23E73AF1
14:17:37.791 [DEBUG] net.cellcloud.talk.ServerCheckCommand Session (317059176566645096) 10.10.152.85:60576 checkin.
14:19:36.874 [DEBUG] net.cellcloud.talk.ServerCheckCommand Session (4511226634427250561) 10.10.152.85:60663 checkin.
14:20:56.419 [DEBUG] net.cellcloud.talk.TalkService Can't find target tag in context list : 15A058CD-0327-4255-A790-C30A23E73AF1
14:20:59.350 [DEBUG] net.cellcloud.talk.TalkService Can't find target tag in context list : 15A058CD-0327-4255-A790-C30A23E73AF1
14:21:23.372 [DEBUG] net.cellcloud.talk.TalkService Can't find target tag in context list : 15A058CD-0327-4255-A790-C30A23E73AF1
14:26:11.751 [DEBUG] net.cellcloud.talk.TalkService Can't find target tag in context list : 15A058CD-0327-4255-A790-C30A23E73AF1
14:26:16.981 [DEBUG] net.cellcloud.talk.TalkService Can't find target tag in context list : 15A058CD-0327-4255-A790-C30A23E73AF1
14:26:19.761 [DEBUG] net.cellcloud.talk.TalkService Can't find target tag in context list : 15A058CD-0327-4255-A790-C30A23E73AF1
14:26:32.994 [DEBUG] net.cellcloud.talk.TalkService Can't find target tag in context list : 15A058CD-0327-4255-A790-C30A23E73AF1
14:26:35.884 [DEBUG] net.cellcloud.talk.TalkService Can't find target tag in context list : 15A058CD-0327-4255-A790-C30A23E73AF1
14:26:59.901 [DEBUG] net.cellcloud.talk.TalkService Can't find target tag in context list : 15A058CD-0327-4255-A790-C30A23E73AF1
14:30:57.220 [DEBUG] net.cellcloud.talk.TalkService Can't find target tag in context list : 15A058CD-0327-4255-A790-C30A23E73AF1
14:31:05.229 [DEBUG] net.cellcloud.talk.TalkService Can't find target tag in context list : 15A058CD-0327-4255-A790-C30A23E73AF1
14:36:04.360 [DEBUG] net.cellcloud.talk.TalkService Can't find target tag in context list : 15A058CD-0327-4255-A790-C30A23E73AF1
14:36:12.548 [DEBUG] net.cellcloud.talk.ServerCheckCommand Session (7407999547186503043) 10.10.152.85:61219 checkin.
14:36:49.578 [DEBUG] net.cellcloud.talk.TalkService Can't find target tag in context list : 15A058CD-0327-4255-A790-C30A23E73AF1
14:36:50.575 [DEBUG] net.cellcloud.talk.ServerCheckCommand Session (8678336935057196648) 10.10.152.85:61242 checkin.
14:37:13.596 [DEBUG] net.cellcloud.talk.TalkService Can't find target tag in context list : 15A058CD-0327-4255-A790-C30A23E73AF1
14:41:00.528 [DEBUG] net.cellcloud.talk.TalkService Can't find target tag in context list : 15A058CD-0327-4255-A790-C30A23E73AF1
14:41:02.750 [DEBUG] net.cellcloud.talk.ServerCheckCommand Session (7258147629473641476) 10.10.152.85:61380 checkin.
14:41:21.737 [DEBUG] net.cellcloud.talk.TalkService Can't find target tag in context list : 15A058CD-0327-4255-A790-C30A23E73AF1
14:41:29.747 [DEBUG] net.cellcloud.talk.TalkService Can't find target tag in context list : 15A058CD-0327-4255-A790-C30A23E73AF1
14:41:33.773 [DEBUG] net.cellcloud.talk.ServerCheckCommand Session (7859532705259392301) 10.10.152.85:61419 checkin.
14:42:10.796 [DEBUG] net.cellcloud.talk.ServerCheckCommand Session (2785677761575594930) 10.10.152.85:61448 checkin.
14:45:40.940 [DEBUG] net.cellcloud.talk.ServerCheckCommand Session (7227766256310990480) 10.10.152.85:61555 checkin.
14:46:09.918 [DEBUG] net.cellcloud.talk.TalkService Can't find target tag in context list : 15A058CD-0327-4255-A790-C30A23E73AF1
14:46:41.959 [DEBUG] net.cellcloud.talk.TalkService Can't find target tag in context list : 15A058CD-0327-4255-A790-C30A23E73AF1
14:47:32.015 [DEBUG] net.cellcloud.talk.ServerCheckCommand Session (2434629563424746826) 10.10.152.85:61643 checkin.
14:48:53.437 [DEBUG] net.cellcloud.talk.TalkService Can't find target tag in context list : 15A058CD-0327-4255-A790-C30A23E73AF1
14:49:25.515 [DEBUG] net.cellcloud.talk.TalkService Can't find target tag in context list : 15A058CD-0327-4255-A790-C30A23E73AF1
14:49:57.738 [DEBUG] net.cellcloud.talk.TalkService Can't find target tag in context list : 15A058CD-0327-4255-A790-C30A23E73AF1
14:50:02.243 [DEBUG] net.cellcloud.talk.TalkService Can't find target tag in context list : 15A058CD-0327-4255-A790-C30A23E73AF1
14:50:10.253 [DEBUG] net.cellcloud.talk.TalkService Can't find target tag in context list : 15A058CD-0327-4255-A790-C30A23E73AF1
14:50:53.776 [DEBUG] net.cellcloud.talk.TalkService Can't find target tag in context list : 15A058CD-0327-4255-A790-C30A23E73AF1
14:50:58.281 [DEBUG] net.cellcloud.talk.TalkService Can't find target tag in context list : 15A058CD-0327-4255-A790-C30A23E73AF1
14:51:01.794 [DEBUG] net.cellcloud.talk.TalkService Can't find target tag in context list : 15A058CD-0327-4255-A790-C30A23E73AF1
14:51:09.803 [DEBUG] net.cellcloud.talk.TalkService Can't find target tag in context list : 15A058CD-0327-4255-A790-C30A23E73AF1
14:51:17.821 [DEBUG] net.cellcloud.talk.TalkService Can't find target tag in context list : 15A058CD-0327-4255-A790-C30A23E73AF1
14:51:26.026 [DEBUG] net.cellcloud.talk.TalkService Can't find target tag in context list : 15A058CD-0327-4255-A790-C30A23E73AF1
14:51:30.423 [DEBUG] net.cellcloud.talk.TalkService Can't find target tag in context list : 15A058CD-0327-4255-A790-C30A23E73AF1
14:51:34.106 [DEBUG] net.cellcloud.talk.TalkService Can't find target tag in context list : 15A058CD-0327-4255-A790-C30A23E73AF1
14:51:38.432 [DEBUG] net.cellcloud.talk.TalkService Can't find target tag in context list : 15A058CD-0327-4255-A790-C30A23E73AF1
14:51:58.235 [DEBUG] net.cellcloud.talk.TalkService Can't find target tag in context list : 15A058CD-0327-4255-A790-C30A23E73AF1
14:55:58.402 [DEBUG] net.cellcloud.talk.TalkService Can't find target tag in context list : 15A058CD-0327-4255-A790-C30A23E73AF1
14:56:02.593 [DEBUG] net.cellcloud.talk.TalkService Can't find target tag in context list : 15A058CD-0327-4255-A790-C30A23E73AF1
14:56:06.697 [DEBUG] net.cellcloud.talk.TalkService Can't find target tag in context list : 15A058CD-0327-4255-A790-C30A23E73AF1
14:56:10.614 [DEBUG] net.cellcloud.talk.TalkService Can't find target tag in context list : 15A058CD-0327-4255-A790-C30A23E73AF1
14:56:14.755 [DEBUG] net.cellcloud.talk.TalkService Can't find target tag in context list : 15A058CD-0327-4255-A790-C30A23E73AF1
14:56:18.623 [DEBUG] net.cellcloud.talk.TalkService Can't find target tag in context list : 15A058CD-0327-4255-A790-C30A23E73AF1
14:56:22.780 [DEBUG] net.cellcloud.talk.TalkService Can't find target tag in context list : 15A058CD-0327-4255-A790-C30A23E73AF1
14:56:34.655 [DEBUG] net.cellcloud.talk.TalkService Can't find target tag in context list : 15A058CD-0327-4255-A790-C30A23E73AF1
14:56:50.683 [DEBUG] net.cellcloud.talk.TalkService Can't find target tag in context list : 15A058CD-0327-4255-A790-C30A23E73AF1
15:00:59.314 [DEBUG] net.cellcloud.talk.TalkService Can't find target tag in context list : 15A058CD-0327-4255-A790-C30A23E73AF1
15:01:04.243 [DEBUG] net.cellcloud.talk.TalkService Can't find target tag in context list : 15A058CD-0327-4255-A790-C30A23E73AF1
15:01:12.252 [DEBUG] net.cellcloud.talk.TalkService Can't find target tag in context list : 15A058CD-0327-4255-A790-C30A23E73AF1
15:01:20.261 [DEBUG] net.cellcloud.talk.TalkService Can't find target tag in context list : 15A058CD-0327-4255-A790-C30A23E73AF1
15:06:03.494 [DEBUG] net.cellcloud.talk.TalkService Can't find target tag in context list : 15A058CD-0327-4255-A790-C30A23E73AF1
15:06:16.621 [DEBUG] net.cellcloud.talk.TalkService Can't find target tag in context list : 15A058CD-0327-4255-A790-C30A23E73AF1
15:06:35.515 [DEBUG] net.cellcloud.talk.TalkService Can't find target tag in context list : 15A058CD-0327-4255-A790-C30A23E73AF1
15:06:40.730 [DEBUG] net.cellcloud.talk.TalkService Can't find target tag in context list : 15A058CD-0327-4255-A790-C30A23E73AF1
15:06:51.734 [DEBUG] net.cellcloud.talk.TalkService Can't find target tag in context list : 15A058CD-0327-4255-A790-C30A23E73AF1
15:11:21.125 [DEBUG] net.cellcloud.talk.TalkService Can't find target tag in context list : 15A058CD-0327-4255-A790-C30A23E73AF1
15:12:17.027 [DEBUG] net.cellcloud.talk.ServerCheckCommand Session (2512236655051916151) 10.10.152.85:62526 checkin.
15:16:21.017 [DEBUG] net.cellcloud.talk.TalkService Can't find target tag in context list : 15A058CD-0327-4255-A790-C30A23E73AF1
15:16:37.035 [DEBUG] net.cellcloud.talk.TalkService Can't find target tag in context list : 15A058CD-0327-4255-A790-C30A23E73AF1
15:17:01.266 [DEBUG] net.cellcloud.talk.TalkService Can't find target tag in context list : 15A058CD-0327-4255-A790-C30A23E73AF1
15:21:01.855 [DEBUG] net.cellcloud.talk.TalkService Can't find target tag in context list : 15A058CD-0327-4255-A790-C30A23E73AF1
15:21:21.849 [DEBUG] net.cellcloud.talk.TalkService Can't find target tag in context list : 15A058CD-0327-4255-A790-C30A23E73AF1
15:26:50.099 [DEBUG] net.cellcloud.talk.TalkService Can't find target tag in context list : 15A058CD-0327-4255-A790-C30A23E73AF1
15:26:58.107 [DEBUG] net.cellcloud.talk.TalkService Can't find target tag in context list : 15A058CD-0327-4255-A790-C30A23E73AF1
15:31:02.319 [DEBUG] net.cellcloud.talk.TalkService Can't find target tag in context list : 15A058CD-0327-4255-A790-C30A23E73AF1
15:31:22.254 [DEBUG] net.cellcloud.talk.TalkService Can't find target tag in context list : 15A058CD-0327-4255-A790-C30A23E73AF1
15:31:30.262 [DEBUG] net.cellcloud.talk.TalkService Can't find target tag in context list : 15A058CD-0327-4255-A790-C30A23E73AF1
15:36:06.489 [DEBUG] net.cellcloud.talk.TalkService Can't find target tag in context list : 15A058CD-0327-4255-A790-C30A23E73AF1
15:36:26.548 [DEBUG] net.cellcloud.talk.TalkService Can't find target tag in context list : 15A058CD-0327-4255-A790-C30A23E73AF1
15:46:10.907 [DEBUG] net.cellcloud.talk.TalkService Can't find target tag in context list : 15A058CD-0327-4255-A790-C30A23E73AF1
15:46:26.920 [DEBUG] net.cellcloud.talk.TalkService Can't find target tag in context list : 15A058CD-0327-4255-A790-C30A23E73AF1
15:46:42.936 [DEBUG] net.cellcloud.talk.TalkService Can't find target tag in context list : 15A058CD-0327-4255-A790-C30A23E73AF1
15:46:47.218 [DEBUG] net.cellcloud.talk.TalkService Can't find target tag in context list : 15A058CD-0327-4255-A790-C30A23E73AF1
15:47:11.255 [DEBUG] net.cellcloud.talk.TalkService Can't find target tag in context list : 15A058CD-0327-4255-A790-C30A23E73AF1
15:48:59.271 [DEBUG] net.cellcloud.talk.TalkService Can't find target tag in context list : 15A058CD-0327-4255-A790-C30A23E73AF1
15:49:31.331 [DEBUG] net.cellcloud.talk.TalkService Can't find target tag in context list : 15A058CD-0327-4255-A790-C30A23E73AF1
15:49:55.373 [DEBUG] net.cellcloud.talk.TalkService Can't find target tag in context list : 15A058CD-0327-4255-A790-C30A23E73AF1
15:49:59.380 [DEBUG] net.cellcloud.talk.TalkService Can't find target tag in context list : 15A058CD-0327-4255-A790-C30A23E73AF1
15:50:07.392 [DEBUG] net.cellcloud.talk.TalkService Can't find target tag in context list : 15A058CD-0327-4255-A790-C30A23E73AF1
15:50:59.408 [DEBUG] net.cellcloud.talk.TalkService Can't find target tag in context list : 15A058CD-0327-4255-A790-C30A23E73AF1
15:51:02.662 [DEBUG] net.cellcloud.talk.ServerCheckCommand Session (2695926346426092744) 10.10.152.85:63665 checkin.
15:51:03.458 [DEBUG] net.cellcloud.talk.TalkService Can't find target tag in context list : 15A058CD-0327-4255-A790-C30A23E73AF1
15:51:07.417 [DEBUG] net.cellcloud.talk.TalkService Can't find target tag in context list : 15A058CD-0327-4255-A790-C30A23E73AF1
15:51:23.427 [DEBUG] net.cellcloud.talk.TalkService Can't find target tag in context list : 15A058CD-0327-4255-A790-C30A23E73AF1
15:51:27.486 [DEBUG] net.cellcloud.talk.TalkService Can't find target tag in context list : 15A058CD-0327-4255-A790-C30A23E73AF1
15:51:31.441 [DEBUG] net.cellcloud.talk.TalkService Can't find target tag in context list : 15A058CD-0327-4255-A790-C30A23E73AF1
15:51:40.022 [DEBUG] net.cellcloud.talk.TalkService Can't find target tag in context list : 15A058CD-0327-4255-A790-C30A23E73AF1
15:51:43.514 [DEBUG] net.cellcloud.talk.TalkService Can't find target tag in context list : 15A058CD-0327-4255-A790-C30A23E73AF1
15:51:59.526 [DEBUG] net.cellcloud.talk.TalkService Can't find target tag in context list : 15A058CD-0327-4255-A790-C30A23E73AF1
15:52:36.726 [DEBUG] net.cellcloud.talk.ServerCheckCommand Session (4848102628944733129) 10.10.152.85:63718 checkin.
15:56:04.176 [DEBUG] net.cellcloud.talk.TalkService Can't find target tag in context list : 15A058CD-0327-4255-A790-C30A23E73AF1
15:56:07.885 [DEBUG] net.cellcloud.talk.TalkService Can't find target tag in context list : 15A058CD-0327-4255-A790-C30A23E73AF1
15:56:12.488 [DEBUG] net.cellcloud.talk.TalkService Can't find target tag in context list : 15A058CD-0327-4255-A790-C30A23E73AF1
15:56:16.001 [DEBUG] net.cellcloud.talk.TalkService Can't find target tag in context list : 15A058CD-0327-4255-A790-C30A23E73AF1
15:56:20.494 [DEBUG] net.cellcloud.talk.TalkService Can't find target tag in context list : 15A058CD-0327-4255-A790-C30A23E73AF1
15:56:28.503 [DEBUG] net.cellcloud.talk.TalkService Can't find target tag in context list : 15A058CD-0327-4255-A790-C30A23E73AF1
15:56:32.036 [DEBUG] net.cellcloud.talk.TalkService Can't find target tag in context list : 15A058CD-0327-4255-A790-C30A23E73AF1
15:56:40.054 [DEBUG] net.cellcloud.talk.TalkService Can't find target tag in context list : 15A058CD-0327-4255-A790-C30A23E73AF1
15:56:48.062 [DEBUG] net.cellcloud.talk.TalkService Can't find target tag in context list : 15A058CD-0327-4255-A790-C30A23E73AF1
15:57:00.692 [DEBUG] net.cellcloud.talk.TalkService Can't find target tag in context list : 15A058CD-0327-4255-A790-C30A23E73AF1
16:01:36.219 [DEBUG] net.cellcloud.talk.TalkService Can't find target tag in context list : 15A058CD-0327-4255-A790-C30A23E73AF1
16:05:11.252 [DEBUG] net.cellcloud.talk.ServerCheckCommand Session (7344685048840591983) 10.10.152.85:64109 checkin.
16:05:53.280 [DEBUG] net.cellcloud.talk.ServerCheckCommand Session (8362803099620686603) 10.10.152.85:64140 checkin.
16:06:13.509 [DEBUG] net.cellcloud.talk.TalkService Can't find target tag in context list : 15A058CD-0327-4255-A790-C30A23E73AF1
16:06:16.533 [DEBUG] net.cellcloud.talk.TalkService Can't find target tag in context list : 15A058CD-0327-4255-A790-C30A23E73AF1
16:06:29.773 [DEBUG] net.cellcloud.talk.TalkService Can't find target tag in context list : 15A058CD-0327-4255-A790-C30A23E73AF1
16:06:59.323 [DEBUG] net.cellcloud.talk.ServerCheckCommand Session (5341116056040703802) 10.10.152.85:64185 checkin.
16:07:26.367 [DEBUG] net.cellcloud.talk.ServerCheckCommand Session (7742993040891688084) 10.10.152.85:64201 checkin.
16:08:39.423 [DEBUG] net.cellcloud.talk.ServerCheckCommand Session (6545963795325975575) 10.10.152.85:64250 checkin.
16:10:32.501 [DEBUG] net.cellcloud.talk.ServerCheckCommand Session (8885238435094976183) 10.10.152.85:64308 checkin.
16:11:05.344 [DEBUG] net.cellcloud.talk.TalkService Can't find target tag in context list : 15A058CD-0327-4255-A790-C30A23E73AF1
16:11:10.579 [DEBUG] net.cellcloud.talk.TalkService Can't find target tag in context list : 15A058CD-0327-4255-A790-C30A23E73AF1
16:13:34.697 [DEBUG] net.cellcloud.talk.TalkService Can't find target tag in context list : 15A058CD-0327-4255-A790-C30A23E73AF1
16:14:31.661 [DEBUG] net.cellcloud.talk.ServerCheckCommand Session (4134294637728460159) 10.10.152.85:64444 checkin.
16:16:17.516 [DEBUG] net.cellcloud.talk.TalkService Can't find target tag in context list : 15A058CD-0327-4255-A790-C30A23E73AF1
16:16:22.798 [DEBUG] net.cellcloud.talk.TalkService Can't find target tag in context list : 15A058CD-0327-4255-A790-C30A23E73AF1
16:16:33.528 [DEBUG] net.cellcloud.talk.TalkService Can't find target tag in context list : 15A058CD-0327-4255-A790-C30A23E73AF1
16:16:46.893 [DEBUG] net.cellcloud.talk.TalkService Can't find target tag in context list : 15A058CD-0327-4255-A790-C30A23E73AF1
16:19:59.003 [DEBUG] net.cellcloud.talk.TalkService Can't find target tag in context list : 15A058CD-0327-4255-A790-C30A23E73AF1
16:21:03.164 [DEBUG] net.cellcloud.talk.TalkService Can't find target tag in context list : 15A058CD-0327-4255-A790-C30A23E73AF1
16:21:11.170 [DEBUG] net.cellcloud.talk.TalkService Can't find target tag in context list : 15A058CD-0327-4255-A790-C30A23E73AF1
16:21:13.680 [DEBUG] net.cellcloud.talk.TalkService Can't find target tag in context list : 15A058CD-0327-4255-A790-C30A23E73AF1
16:21:37.697 [DEBUG] net.cellcloud.talk.TalkService Can't find target tag in context list : 15A058CD-0327-4255-A790-C30A23E73AF1
16:22:46.008 [DEBUG] net.cellcloud.talk.ServerCheckCommand Session (8307948995492538825) 10.10.152.85:64869 checkin.
16:22:58.641 [DEBUG] net.cellcloud.talk.TalkService Can't find target tag in context list : 15A058CD-0327-4255-A790-C30A23E73AF1
16:25:12.104 [DEBUG] net.cellcloud.talk.ServerCheckCommand Session (1669642631643156961) 10.10.152.85:64976 checkin.
16:26:10.755 [DEBUG] net.cellcloud.talk.TalkService Can't find target tag in context list : 15A058CD-0327-4255-A790-C30A23E73AF1
16:26:39.566 [DEBUG] net.cellcloud.talk.TalkService Can't find target tag in context list : 15A058CD-0327-4255-A790-C30A23E73AF1
16:26:47.575 [DEBUG] net.cellcloud.talk.TalkService Can't find target tag in context list : 15A058CD-0327-4255-A790-C30A23E73AF1
16:26:52.173 [DEBUG] net.cellcloud.talk.ServerCheckCommand Session (5417682216155081617) 10.10.152.85:65037 checkin.
16:26:55.772 [DEBUG] net.cellcloud.talk.TalkService Can't find target tag in context list : 15A058CD-0327-4255-A790-C30A23E73AF1
16:27:56.217 [DEBUG] net.cellcloud.talk.ServerCheckCommand Session (3867587600699134090) 10.10.152.85:65071 checkin.
16:29:46.296 [DEBUG] net.cellcloud.talk.ServerCheckCommand Session (2044663384557095982) 10.10.152.85:65142 checkin.
16:31:06.921 [DEBUG] net.cellcloud.talk.TalkService Can't find target tag in context list : 15A058CD-0327-4255-A790-C30A23E73AF1
16:31:11.920 [DEBUG] net.cellcloud.talk.TalkService Can't find target tag in context list : 15A058CD-0327-4255-A790-C30A23E73AF1
16:31:30.938 [DEBUG] net.cellcloud.talk.TalkService Can't find target tag in context list : 15A058CD-0327-4255-A790-C30A23E73AF1
16:31:38.950 [DEBUG] net.cellcloud.talk.TalkService Can't find target tag in context list : 15A058CD-0327-4255-A790-C30A23E73AF1
16:34:53.501 [DEBUG] net.cellcloud.talk.ServerCheckCommand Session (649068543551043791) 10.10.152.85:65308 checkin.
16:36:11.115 [DEBUG] net.cellcloud.talk.TalkService Can't find target tag in context list : 15A058CD-0327-4255-A790-C30A23E73AF1
16:36:32.092 [DEBUG] net.cellcloud.talk.TalkService Can't find target tag in context list : 15A058CD-0327-4255-A790-C30A23E73AF1
16:36:48.106 [DEBUG] net.cellcloud.talk.TalkService Can't find target tag in context list : 15A058CD-0327-4255-A790-C30A23E73AF1
16:36:56.116 [DEBUG] net.cellcloud.talk.TalkService Can't find target tag in context list : 15A058CD-0327-4255-A790-C30A23E73AF1
16:37:04.125 [DEBUG] net.cellcloud.talk.TalkService Can't find target tag in context list : 15A058CD-0327-4255-A790-C30A23E73AF1
16:38:59.667 [DEBUG] net.cellcloud.talk.ServerCheckCommand Session (5566125888559831093) 10.10.152.85:65432 checkin.
16:40:09.715 [DEBUG] net.cellcloud.talk.ServerCheckCommand Session (732228564225334599) 10.10.152.85:65524 checkin.
16:40:23.725 [DEBUG] net.cellcloud.talk.ServerCheckCommand Session (9101654645235749475) 10.10.152.85:65533 checkin.
16:41:28.286 [DEBUG] net.cellcloud.talk.TalkService Can't find target tag in context list : 15A058CD-0327-4255-A790-C30A23E73AF1
16:41:36.296 [DEBUG] net.cellcloud.talk.TalkService Can't find target tag in context list : 15A058CD-0327-4255-A790-C30A23E73AF1
16:41:54.783 [DEBUG] net.cellcloud.talk.ServerCheckCommand Session (8515590570869010175) 10.10.152.85:49215 checkin.
16:45:08.919 [DEBUG] net.cellcloud.talk.ServerCheckCommand Session (3888398759762866620) 10.10.152.85:49330 checkin.
16:46:08.503 [DEBUG] net.cellcloud.talk.TalkService Can't find target tag in context list : 15A058CD-0327-4255-A790-C30A23E73AF1
16:46:12.000 [DEBUG] net.cellcloud.talk.TalkService Can't find target tag in context list : 15A058CD-0327-4255-A790-C30A23E73AF1
16:46:16.512 [DEBUG] net.cellcloud.talk.TalkService Can't find target tag in context list : 15A058CD-0327-4255-A790-C30A23E73AF1
16:49:04.640 [DEBUG] net.cellcloud.talk.TalkService Can't find target tag in context list : 15A058CD-0327-4255-A790-C30A23E73AF1
16:49:36.720 [DEBUG] net.cellcloud.talk.TalkService Can't find target tag in context list : 15A058CD-0327-4255-A790-C30A23E73AF1
16:50:00.799 [DEBUG] net.cellcloud.talk.TalkService Can't find target tag in context list : 15A058CD-0327-4255-A790-C30A23E73AF1
16:50:08.809 [DEBUG] net.cellcloud.talk.TalkService Can't find target tag in context list : 15A058CD-0327-4255-A790-C30A23E73AF1
16:51:04.845 [DEBUG] net.cellcloud.talk.TalkService Can't find target tag in context list : 15A058CD-0327-4255-A790-C30A23E73AF1
16:51:08.238 [DEBUG] net.cellcloud.talk.TalkService Can't find target tag in context list : 15A058CD-0327-4255-A790-C30A23E73AF1
16:51:16.256 [DEBUG] net.cellcloud.talk.TalkService Can't find target tag in context list : 15A058CD-0327-4255-A790-C30A23E73AF1
16:51:28.978 [DEBUG] net.cellcloud.talk.TalkService Can't find target tag in context list : 15A058CD-0327-4255-A790-C30A23E73AF1
16:51:32.328 [DEBUG] net.cellcloud.talk.TalkService Can't find target tag in context list : 15A058CD-0327-4255-A790-C30A23E73AF1
16:51:37.260 [DEBUG] net.cellcloud.talk.TalkService Can't find target tag in context list : 15A058CD-0327-4255-A790-C30A23E73AF1
16:51:45.270 [DEBUG] net.cellcloud.talk.TalkService Can't find target tag in context list : 15A058CD-0327-4255-A790-C30A23E73AF1
16:52:04.351 [DEBUG] net.cellcloud.talk.TalkService Can't find target tag in context list : 15A058CD-0327-4255-A790-C30A23E73AF1
16:56:09.420 [DEBUG] net.cellcloud.talk.TalkService Can't find target tag in context list : 15A058CD-0327-4255-A790-C30A23E73AF1
16:56:12.571 [DEBUG] net.cellcloud.talk.TalkService Can't find target tag in context list : 15A058CD-0327-4255-A790-C30A23E73AF1
16:56:17.543 [DEBUG] net.cellcloud.talk.TalkService Can't find target tag in context list : 15A058CD-0327-4255-A790-C30A23E73AF1
16:56:20.608 [DEBUG] net.cellcloud.talk.TalkService Can't find target tag in context list : 15A058CD-0327-4255-A790-C30A23E73AF1
16:56:23.368 [DEBUG] net.cellcloud.talk.ServerCheckCommand Session (7732686189463606750) 10.10.152.85:49666 checkin.
16:56:42.136 [DEBUG] net.cellcloud.talk.TalkService Can't find target tag in context list : 15A058CD-0327-4255-A790-C30A23E73AF1
17:01:06.302 [DEBUG] net.cellcloud.talk.TalkService Can't find target tag in context list : 15A058CD-0327-4255-A790-C30A23E73AF1
17:01:09.464 [DEBUG] net.cellcloud.talk.TalkService Can't find target tag in context list : 15A058CD-0327-4255-A790-C30A23E73AF1
17:01:17.473 [DEBUG] net.cellcloud.talk.TalkService Can't find target tag in context list : 15A058CD-0327-4255-A790-C30A23E73AF1
17:01:22.314 [DEBUG] net.cellcloud.talk.TalkService Can't find target tag in context list : 15A058CD-0327-4255-A790-C30A23E73AF1
17:06:13.644 [DEBUG] net.cellcloud.talk.TalkService Can't find target tag in context list : 15A058CD-0327-4255-A790-C30A23E73AF1
17:06:18.470 [DEBUG] net.cellcloud.talk.TalkService Can't find target tag in context list : 15A058CD-0327-4255-A790-C30A23E73AF1
17:06:21.662 [DEBUG] net.cellcloud.talk.TalkService Can't find target tag in context list : 15A058CD-0327-4255-A790-C30A23E73AF1
17:06:26.477 [DEBUG] net.cellcloud.talk.TalkService Can't find target tag in context list : 15A058CD-0327-4255-A790-C30A23E73AF1
17:06:29.676 [DEBUG] net.cellcloud.talk.TalkService Can't find target tag in context list : 15A058CD-0327-4255-A790-C30A23E73AF1
17:06:37.683 [DEBUG] net.cellcloud.talk.TalkService Can't find target tag in context list : 15A058CD-0327-4255-A790-C30A23E73AF1
17:11:09.933 [DEBUG] net.cellcloud.talk.TalkService Can't find target tag in context list : 15A058CD-0327-4255-A790-C30A23E73AF1
17:11:38.656 [DEBUG] net.cellcloud.talk.TalkService Can't find target tag in context list : 15A058CD-0327-4255-A790-C30A23E73AF1
17:16:14.167 [DEBUG] net.cellcloud.talk.TalkService Can't find target tag in context list : 15A058CD-0327-4255-A790-C30A23E73AF1
17:16:18.923 [DEBUG] net.cellcloud.talk.TalkService Can't find target tag in context list : 15A058CD-0327-4255-A790-C30A23E73AF1
17:16:42.943 [DEBUG] net.cellcloud.talk.TalkService Can't find target tag in context list : 15A058CD-0327-4255-A790-C30A23E73AF1
17:21:10.328 [DEBUG] net.cellcloud.talk.TalkService Can't find target tag in context list : 15A058CD-0327-4255-A790-C30A23E73AF1
17:21:23.412 [DEBUG] net.cellcloud.talk.TalkService Can't find target tag in context list : 15A058CD-0327-4255-A790-C30A23E73AF1
17:21:39.442 [DEBUG] net.cellcloud.talk.TalkService Can't find target tag in context list : 15A058CD-0327-4255-A790-C30A23E73AF1
17:21:47.960 [DEBUG] net.cellcloud.talk.TalkService Can't find target tag in context list : 15A058CD-0327-4255-A790-C30A23E73AF1
17:26:12.134 [DEBUG] net.cellcloud.talk.TalkService Can't find target tag in context list : 15A058CD-0327-4255-A790-C30A23E73AF1
17:26:20.165 [DEBUG] net.cellcloud.talk.TalkService Can't find target tag in context list : 15A058CD-0327-4255-A790-C30A23E73AF1
17:26:22.493 [DEBUG] net.cellcloud.talk.TalkService Can't find target tag in context list : 15A058CD-0327-4255-A790-C30A23E73AF1
17:26:36.366 [DEBUG] net.cellcloud.talk.TalkService Can't find target tag in context list : 15A058CD-0327-4255-A790-C30A23E73AF1
17:26:38.514 [DEBUG] net.cellcloud.talk.TalkService Can't find target tag in context list : 15A058CD-0327-4255-A790-C30A23E73AF1
17:26:44.382 [DEBUG] net.cellcloud.talk.TalkService Can't find target tag in context list : 15A058CD-0327-4255-A790-C30A23E73AF1
17:27:00.397 [DEBUG] net.cellcloud.talk.TalkService Can't find target tag in context list : 15A058CD-0327-4255-A790-C30A23E73AF1
17:27:08.414 [DEBUG] net.cellcloud.talk.TalkService Can't find target tag in context list : 15A058CD-0327-4255-A790-C30A23E73AF1
17:28:56.693 [DEBUG] net.cellcloud.talk.ServerCheckCommand Session (8667348583673024742) 10.10.152.85:50685 checkin.
17:30:08.743 [DEBUG] net.cellcloud.talk.ServerCheckCommand Session (3793459344653074058) 10.10.152.85:50730 checkin.
17:31:09.310 [DEBUG] net.cellcloud.talk.TalkService Can't find target tag in context list : 15A058CD-0327-4255-A790-C30A23E73AF1
17:31:10.665 [DEBUG] net.cellcloud.talk.TalkService Can't find target tag in context list : 15A058CD-0327-4255-A790-C30A23E73AF1
17:31:17.321 [DEBUG] net.cellcloud.talk.TalkService Can't find target tag in context list : 15A058CD-0327-4255-A790-C30A23E73AF1
17:31:25.370 [DEBUG] net.cellcloud.talk.TalkService Can't find target tag in context list : 15A058CD-0327-4255-A790-C30A23E73AF1
17:31:34.709 [DEBUG] net.cellcloud.talk.TalkService Can't find target tag in context list : 15A058CD-0327-4255-A790-C30A23E73AF1
17:31:41.476 [DEBUG] net.cellcloud.talk.TalkService Can't find target tag in context list : 15A058CD-0327-4255-A790-C30A23E73AF1
17:32:05.825 [DEBUG] net.cellcloud.talk.ServerCheckCommand Session (4211296651108467676) 10.10.152.85:50802 checkin.
17:34:20.917 [DEBUG] net.cellcloud.talk.ServerCheckCommand Session (2552098895576845183) 10.10.152.85:50869 checkin.
17:34:37.575 [DEBUG] net.cellcloud.talk.TalkService Can't find target tag in context list : 15A058CD-0327-4255-A790-C30A23E73AF1
17:35:02.300 [DEBUG] net.cellcloud.talk.TalkService Can't find target tag in context list : 15A058CD-0327-4255-A790-C30A23E73AF1
17:36:14.439 [DEBUG] net.cellcloud.talk.TalkService Can't find target tag in context list : 15A058CD-0327-4255-A790-C30A23E73AF1
17:36:15.823 [DEBUG] net.cellcloud.talk.TalkService Can't find target tag in context list : 15A058CD-0327-4255-A790-C30A23E73AF1
17:36:22.458 [DEBUG] net.cellcloud.talk.TalkService Can't find target tag in context list : 15A058CD-0327-4255-A790-C30A23E73AF1
17:36:30.498 [DEBUG] net.cellcloud.talk.TalkService Can't find target tag in context list : 15A058CD-0327-4255-A790-C30A23E73AF1
17:36:46.688 [DEBUG] net.cellcloud.talk.TalkService Can't find target tag in context list : 15A058CD-0327-4255-A790-C30A23E73AF1
17:36:55.665 [DEBUG] net.cellcloud.talk.TalkService Can't find target tag in context list : 15A058CD-0327-4255-A790-C30A23E73AF1
17:37:11.715 [DEBUG] net.cellcloud.talk.TalkService Can't find target tag in context list : 15A058CD-0327-4255-A790-C30A23E73AF1
17:38:11.078 [DEBUG] net.cellcloud.talk.ServerCheckCommand Session (2592744151875371915) 10.10.152.85:50983 checkin.
17:41:25.113 [DEBUG] net.cellcloud.talk.TalkService Can't find target tag in context list : 15A058CD-0327-4255-A790-C30A23E73AF1
17:41:42.188 [DEBUG] net.cellcloud.talk.TalkService Can't find target tag in context list : 15A058CD-0327-4255-A790-C30A23E73AF1
17:41:42.188 [DEBUG] net.cellcloud.talk.TalkService Can't find target tag in context list : 15A058CD-0327-4255-A790-C30A23E73AF1
17:41:50.668 [DEBUG] net.cellcloud.talk.TalkService Can't find target tag in context list : 15A058CD-0327-4255-A790-C30A23E73AF1
17:41:59.310 [DEBUG] net.cellcloud.talk.TalkService Can't find target tag in context list : 15A058CD-0327-4255-A790-C30A23E73AF1
17:45:43.649 [DEBUG] net.cellcloud.talk.TalkService Can't find target tag in context list : 15A058CD-0327-4255-A790-C30A23E73AF1
17:46:15.675 [DEBUG] net.cellcloud.talk.TalkService Can't find target tag in context list : 15A058CD-0327-4255-A790-C30A23E73AF1
17:46:23.685 [DEBUG] net.cellcloud.talk.TalkService Can't find target tag in context list : 15A058CD-0327-4255-A790-C30A23E73AF1
17:46:31.708 [DEBUG] net.cellcloud.talk.TalkService Can't find target tag in context list : 15A058CD-0327-4255-A790-C30A23E73AF1
17:46:55.731 [DEBUG] net.cellcloud.talk.TalkService Can't find target tag in context list : 15A058CD-0327-4255-A790-C30A23E73AF1
17:47:03.740 [DEBUG] net.cellcloud.talk.TalkService Can't find target tag in context list : 15A058CD-0327-4255-A790-C30A23E73AF1
17:48:25.512 [DEBUG] net.cellcloud.talk.ServerCheckCommand Session (4414904017329557822) 10.10.152.85:51287 checkin.
17:49:12.464 [DEBUG] net.cellcloud.talk.TalkService Can't find target tag in context list : 15A058CD-0327-4255-A790-C30A23E73AF1
17:49:24.558 [DEBUG] net.cellcloud.talk.ServerCheckCommand Session (120349440622073652) 10.10.152.85:51326 checkin.
17:49:36.483 [DEBUG] net.cellcloud.talk.TalkService Can't find target tag in context list : 15A058CD-0327-4255-A790-C30A23E73AF1
17:50:00.511 [DEBUG] net.cellcloud.talk.TalkService Can't find target tag in context list : 15A058CD-0327-4255-A790-C30A23E73AF1
17:50:08.623 [DEBUG] net.cellcloud.talk.TalkService Can't find target tag in context list : 15A058CD-0327-4255-A790-C30A23E73AF1
17:50:16.637 [DEBUG] net.cellcloud.talk.TalkService Can't find target tag in context list : 15A058CD-0327-4255-A790-C30A23E73AF1
17:50:16.637 [DEBUG] net.cellcloud.talk.TalkService Can't find target tag in context list : 15A058CD-0327-4255-A790-C30A23E73AF1
17:50:40.672 [DEBUG] net.cellcloud.talk.TalkService Can't find target tag in context list : 15A058CD-0327-4255-A790-C30A23E73AF1
17:50:49.791 [DEBUG] net.cellcloud.talk.TalkService Can't find target tag in context list : 15A058CD-0327-4255-A790-C30A23E73AF1
17:50:57.816 [DEBUG] net.cellcloud.talk.TalkService Can't find target tag in context list : 15A058CD-0327-4255-A790-C30A23E73AF1
17:51:13.834 [DEBUG] net.cellcloud.talk.TalkService Can't find target tag in context list : 15A058CD-0327-4255-A790-C30A23E73AF1
17:51:53.860 [DEBUG] net.cellcloud.talk.TalkService Can't find target tag in context list : 15A058CD-0327-4255-A790-C30A23E73AF1
17:52:57.903 [DEBUG] net.cellcloud.talk.TalkService Can't find target tag in context list : 15A058CD-0327-4255-A790-C30A23E73AF1
17:52:58.104 [DEBUG] net.cellcloud.talk.TalkService Can't find target tag in context list : 15A058CD-0327-4255-A790-C30A23E73AF1
17:53:13.917 [DEBUG] net.cellcloud.talk.TalkService Can't find target tag in context list : 15A058CD-0327-4255-A790-C30A23E73AF1
17:55:46.338 [DEBUG] net.cellcloud.talk.TalkService Can't find target tag in context list : 15A058CD-0327-4255-A790-C30A23E73AF1
